#
# A fatal error has been detected by the Java Runtime Environment:
#
#  SIGSEGV (0xb) at pc=0x00007fff837410dd, pid=32224, tid=1811
#
# JRE version: Java(TM) SE Runtime Environment (8.0_25-b17) (build 1.8.0_25-b17)
# Java VM: Java HotSpot(TM) 64-Bit Server VM (25.25-b02 mixed mode bsd-amd64 compressed oops)
# Problematic frame:
# C  [libobjc.A.dylib+0x10dd]  objc_msgSend+0x1d
#
# Failed to write core dump. Core dumps have been disabled. To enable core dumping, try "ulimit -c unlimited" before starting Java again
#
# If you would like to submit a bug report, please visit:
#   http://bugreport.sun.com/bugreport/crash.jsp
# The crash happened outside the Java Virtual Machine in native code.
# See problematic frame for where to report the bug.
#

---------------  T H R E A D  ---------------

Current thread (0x00007ffda30ee800):  JavaThread "AppKit Thread" daemon [_thread_in_native, id=1811, stack(0x00007fff58a4b000,0x00007fff5924b000)]

siginfo: si_signo: 11 (SIGSEGV), si_code: 1 (SEGV_MAPERR), si_addr: 0x000021ef00010028

Registers:
RAX=0x0000000000000000, RBX=0x00007ffda2444630, RCX=0x0000000000000000, RDX=0x00007ffda2444630
RSP=0x00007fff59245948, RBP=0x00007fff59245970, RSI=0x00007fff91164bb2, RDI=0x00007ffda2682180
R8 =0x0000000000000001, R9 =0x0000000000000001, R10=0x00007fff91164bb2, R11=0x000021ef00010010
R12=0x0000000000000094, R13=0x00007ffda2581ec0, R14=0x00007ffda2682180, R15=0x00007fff59245e60
RIP=0x00007fff837410dd, EFLAGS=0x0000000000010202, ERR=0x0000000000000004
  TRAPNO=0x000000000000000e

Top of Stack: (sp=0x00007fff59245948)
0x00007fff59245948:   0000000121c43598 00007ffda2444630
0x00007fff59245958:   0000000121c77c60 00007ffda2581ec0
0x00007fff59245968:   00007ffda2444630 00007fff59245e50
0x00007fff59245978:   00007fff908e98c5 0000000000000000
0x00007fff59245988:   0000000000000000 4087700000000000
0x00007fff59245998:   4084500000000000 0000000000000000
0x00007fff592459a8:   0000000000000000 4087700000000000
0x00007fff592459b8:   4084500000000000 4087700000000000
0x00007fff592459c8:   4085000000000000 401c000000000000
0x00007fff592459d8:   4084680000000000 402c000000000000
0x00007fff592459e8:   4030000000000000 401c000000000000
0x00007fff592459f8:   0000000000000000 0000000000000000
0x00007fff59245a08:   4030000000000000 00007fff9112933e
0x00007fff59245a18:   4008000000000000 00007ffda24461c0
0x00007fff59245a28:   0000000100000000 0000000000000000
0x00007fff59245a38:   00007ffda264fef0 00007fff59245b90
0x00007fff59245a48:   00007fff909afd16 00007fff59245b90
0x00007fff59245a58:   00007fff909b0802 402c000000000000
0x00007fff59245a68:   4030000000000000 401c000000000000
0x00007fff59245a78:   4084680000000000 402c000000000000
0x00007fff59245a88:   4030000000000000 0000000000000000
0x00007fff59245a98:   0000000000000000 4087700000000000
0x00007fff59245aa8:   4085000000000000 401c000000000000
0x00007fff59245ab8:   4084680000000000 402c000000000000
0x00007fff59245ac8:   4030000000000000 0000000000000000
0x00007fff59245ad8:   0000000000000000 401c000000000000
0x00007fff59245ae8:   00000001069cf000 00007fff59245b90
0x00007fff59245af8:   00007fff862b34ff 0000000000000000
0x00007fff59245b08:   00000001069cf000 00007fff59245bb0
0x00007fff59245b18:   00007fff862b34ff 00007fff59245c1f
0x00007fff59245b28:   0000000000000000 00007ffda25fc080
0x00007fff59245b38:   00007ffda25c0e00 000000000000000b 

Instructions: (pc=0x00007fff837410dd)
0x00007fff837410bd:   00 00 00 48 85 ff 2e 74 7a 40 f6 c7 01 2e 75 7e
0x00007fff837410cd:   49 bb f8 ff ff ff ff 7f 00 00 4c 23 1f 49 89 f2
0x00007fff837410dd:   45 23 53 18 49 c1 e2 04 4d 03 53 10 49 3b 32 75
0x00007fff837410ed:   04 41 ff 62 08 49 83 3a 00 74 6a 4d 3b 53 10 74 

Register to memory mapping:

RAX=0x0000000000000000 is an unknown value
RBX=0x00007ffda2444630 is an unknown value
RCX=0x0000000000000000 is an unknown value
RDX=0x00007ffda2444630 is an unknown value
RSP=0x00007fff59245948 is pointing into the stack for thread: 0x00007ffda30ee800
RBP=0x00007fff59245970 is pointing into the stack for thread: 0x00007ffda30ee800
RSI=0x00007fff91164bb2: -[NSTitlebarContainerView shouldRoundCorners]+0x5c5a4 in /System/Library/Frameworks/AppKit.framework/Versions/C/AppKit at 0x00007fff9079b000
RDI=0x00007ffda2682180 is an unknown value
R8 =0x0000000000000001 is an unknown value
R9 =0x0000000000000001 is an unknown value
R10=0x00007fff91164bb2: -[NSTitlebarContainerView shouldRoundCorners]+0x5c5a4 in /System/Library/Frameworks/AppKit.framework/Versions/C/AppKit at 0x00007fff9079b000
R11=0x000021ef00010010 is an unknown value
R12=0x0000000000000094 is an unknown value
R13=0x00007ffda2581ec0 is an unknown value
R14=0x00007ffda2682180 is an unknown value
R15=0x00007fff59245e60 is pointing into the stack for thread: 0x00007ffda30ee800


Stack: [0x00007fff58a4b000,0x00007fff5924b000],  sp=0x00007fff59245948,  free space=8170k
Native frames: (J=compiled Java code, j=interpreted, Vv=VM code, C=native code)
C  [libobjc.A.dylib+0x10dd]  objc_msgSend+0x1d
C  [AppKit+0x14e8c5]  -[NSView _recursiveDisplayRectIfNeededIgnoringOpacity:isVisibleRect:rectIsVisibleRectForView:topView:]+0x740
C  [AppKit+0x14f920]  -[NSView _recursiveDisplayRectIfNeededIgnoringOpacity:isVisibleRect:rectIsVisibleRectForView:topView:]+0x179b
C  [AppKit+0x14dc73]  -[NSThemeFrame _recursiveDisplayRectIfNeededIgnoringOpacity:isVisibleRect:rectIsVisibleRectForView:topView:]+0x14d
C  [AppKit+0x14a7cb]  -[NSView _displayRectIgnoringOpacity:isVisibleRect:rectIsVisibleRectForView:]+0xac9
C  [AppKit+0x1291ca]  -[NSView displayIfNeeded]+0x754
C  [AppKit+0x1466c5]  -[NSWindow displayIfNeeded]+0xe8
C  [AppKit+0x1838c2]  _handleWindowNeedsDisplayOrLayoutOrUpdateConstraints+0x3a8
C  [AppKit+0x748d91]  __83-[NSWindow _postWindowNeedsDisplayOrLayoutOrUpdateConstraintsUnlessPostingDisabled]_block_invoke1523+0x2e
C  [CoreFoundation+0x7fd87]  __CFRUNLOOP_IS_CALLING_OUT_TO_AN_OBSERVER_CALLBACK_FUNCTION__+0x17
C  [CoreFoundation+0x7fce0]  __CFRunLoopDoObservers+0x170
C  [CoreFoundation+0x71de8]  __CFRunLoopRun+0x368
C  [CoreFoundation+0x71838]  CFRunLoopRunSpecific+0x128
C  [HIToolbox+0x2e43f]  RunCurrentEventLoopInMode+0xeb
C  [HIToolbox+0x2e0be]  ReceiveNextEventCommon+0xb3
C  [HIToolbox+0x2dffb]  _BlockUntilNextEventMatchingListInModeWithFilter+0x47
C  [AppKit+0x24821]  _DPSNextEvent+0x3c4
C  [AppKit+0x23fd0]  -[NSApplication nextEventMatchingMask:untilDate:inMode:dequeue:]+0xc2
C  [libosxapp.dylib+0x242a]  -[NSApplicationAWT nextEventMatchingMask:untilDate:inMode:dequeue:]+0x7c
C  [AppKit+0x17f73]  -[NSApplication run]+0x252
C  [libosxapp.dylib+0x223e]  +[NSApplicationAWT runAWTLoopWithApp:]+0x9c
C  [libawt_lwawt.dylib+0x4494f]  -[AWTStarter starter:]+0x389
C  [Foundation+0x65f4c]  __NSThreadPerformPerform+0x125
C  [CoreFoundation+0x80661]  __CFRUNLOOP_IS_CALLING_OUT_TO_A_SOURCE0_PERFORM_FUNCTION__+0x11
C  [CoreFoundation+0x727ed]  __CFRunLoopDoSources0+0x10d
C  [CoreFoundation+0x71e1f]  __CFRunLoopRun+0x39f
C  [CoreFoundation+0x71838]  CFRunLoopRunSpecific+0x128
C  [java+0x56cc]  CreateExecutionEnvironment+0x367
C  [java+0x165c]  JLI_Launch+0x7a0
C  [java+0x768a]  main+0x65
C  [java+0xeb4]  start+0x34
C  0x0000000000000006


---------------  P R O C E S S  ---------------

Java Threads: ( => current thread )
  0x00007ffda2821800 JavaThread "AWT-Shutdown" [_thread_blocked, id=28451, stack(0x000000011be9b000,0x000000011bf9b000)]
=>0x00007ffda30ee800 JavaThread "AppKit Thread" daemon [_thread_in_native, id=1811, stack(0x00007fff58a4b000,0x00007fff5924b000)]
  0x00007ffda4002000 JavaThread "Service Thread" daemon [_thread_blocked, id=17923, stack(0x000000011da21000,0x000000011db21000)]
  0x00007ffda382c000 JavaThread "C1 CompilerThread2" daemon [_thread_blocked, id=17411, stack(0x000000011d91e000,0x000000011da1e000)]
  0x00007ffda382b000 JavaThread "C2 CompilerThread1" daemon [_thread_blocked, id=16899, stack(0x000000011d81b000,0x000000011d91b000)]
  0x00007ffda3826800 JavaThread "C2 CompilerThread0" daemon [_thread_blocked, id=16387, stack(0x000000011d718000,0x000000011d818000)]
  0x00007ffda3065800 JavaThread "Signal Dispatcher" daemon [_thread_blocked, id=13839, stack(0x000000011d615000,0x000000011d715000)]
  0x00007ffda4004000 JavaThread "Finalizer" daemon [_thread_blocked, id=11523, stack(0x000000011bd52000,0x000000011be52000)]
  0x00007ffda3037800 JavaThread "Reference Handler" daemon [_thread_blocked, id=11011, stack(0x000000011bc4f000,0x000000011bd4f000)]
  0x00007ffda2805000 JavaThread "main" [_thread_in_native, id=3331, stack(0x00000001079d0000,0x0000000107ad0000)]

Other Threads:
  0x00007ffda281c000 VMThread [stack: 0x000000011bb4c000,0x000000011bc4c000] [id=10499]
  0x00007ffda3827800 WatcherThread [stack: 0x000000011db24000,0x000000011dc24000] [id=18435]

VM state:not at safepoint (normal execution)

VM Mutex/Monitor currently owned by a thread: None

Heap:
 PSYoungGen      total 18944K, used 15146K [0x00000007aab00000, 0x00000007ac000000, 0x00000007c0000000)
  eden space 16384K, 92% used [0x00000007aab00000,0x00000007ab9ca850,0x00000007abb00000)
  from space 2560K, 0% used [0x00000007abd80000,0x00000007abd80000,0x00000007ac000000)
  to   space 2560K, 0% used [0x00000007abb00000,0x00000007abb00000,0x00000007abd80000)
 ParOldGen       total 44032K, used 0K [0x0000000780000000, 0x0000000782b00000, 0x00000007aab00000)
  object space 44032K, 0% used [0x0000000780000000,0x0000000780000000,0x0000000782b00000)
 Metaspace       used 6927K, capacity 7049K, committed 7168K, reserved 1056768K
  class space    used 690K, capacity 727K, committed 768K, reserved 1048576K

Card table byte_map: [0x00000001177c0000,0x00000001179c1000] byte_map_base: 0x0000000113bc0000

Marking Bits: (ParMarkBitMap*) 0x0000000107350390
 Begin Bits: [0x0000000117f23000, 0x0000000118f23000)
 End Bits:   [0x0000000118f23000, 0x0000000119f23000)

Polling page: 0x0000000107b2b000

CodeCache: size=245760Kb used=3054Kb max_used=3065Kb free=242705Kb
 bounds [0x0000000108400000, 0x0000000108710000, 0x0000000117400000]
 total_blobs=1164 nmethods=776 adapters=303
 compilation: enabled

Compilation events (10 events):
Event: 25.722 Thread 0x00007ffda382c000  771       3       java.lang.Object::wait (6 bytes)
Event: 25.722 Thread 0x00007ffda382c000 nmethod 771 0x00000001086f9590 code [0x00000001086f9700, 0x00000001086f9908]
Event: 25.806 Thread 0x00007ffda382c000  772       3       sun.awt.AWTAutoShutdown::notifyToolkitThreadBusy (8 bytes)
Event: 25.806 Thread 0x00007ffda382c000 nmethod 772 0x0000000108700150 code [0x00000001087002c0, 0x0000000108700488]
Event: 25.807 Thread 0x00007ffda382c000  773       3       sun.awt.AWTAutoShutdown::notifyToolkitThreadFree (8 bytes)
Event: 25.807 Thread 0x00007ffda382c000 nmethod 773 0x00000001086ffd50 code [0x00000001086ffec0, 0x0000000108700088]
Event: 27.145 Thread 0x00007ffda382c000  774       3       java.nio.Buffer::clear (20 bytes)
Event: 27.145 Thread 0x00007ffda382c000 nmethod 774 0x00000001086ffa10 code [0x00000001086ffb60, 0x00000001086ffcd0]
Event: 27.236 Thread 0x00007ffda382c000  775       1       org.newdawn.slick.BasicGame::inputEnded (1 bytes)
Event: 27.236 Thread 0x00007ffda382c000 nmethod 775 0x00000001086ff750 code [0x00000001086ff8a0, 0x00000001086ff9b0]

GC Heap History (0 events):
No events

Deoptimization events (0 events):
No events

Internal exceptions (10 events):
Event: 1.188 Thread 0x00007ffda2805000 Exception <a 'java/security/PrivilegedActionException'> (0x00000007ab540500) thrown at [/HUDSON3/workspace/8-2-build-macosx-x86_64/jdk8u25/1514/hotspot/src/share/vm/prims/jvm.cpp, line 1312]
Event: 1.189 Thread 0x00007ffda2805000 Exception <a 'java/security/PrivilegedActionException'> (0x00000007ab543f78) thrown at [/HUDSON3/workspace/8-2-build-macosx-x86_64/jdk8u25/1514/hotspot/src/share/vm/prims/jvm.cpp, line 1312]
Event: 1.190 Thread 0x00007ffda2805000 Exception <a 'java/security/PrivilegedActionException'> (0x00000007ab54a170) thrown at [/HUDSON3/workspace/8-2-build-macosx-x86_64/jdk8u25/1514/hotspot/src/share/vm/prims/jvm.cpp, line 1312]
Event: 1.660 Thread 0x00007ffda2805000 Exception <a 'java/security/PrivilegedActionException'> (0x00000007ab8141d0) thrown at [/HUDSON3/workspace/8-2-build-macosx-x86_64/jdk8u25/1514/hotspot/src/share/vm/prims/jvm.cpp, line 1312]
Event: 1.661 Thread 0x00007ffda2805000 Exception <a 'java/security/PrivilegedActionException'> (0x00000007ab819188) thrown at [/HUDSON3/workspace/8-2-build-macosx-x86_64/jdk8u25/1514/hotspot/src/share/vm/prims/jvm.cpp, line 1312]
Event: 1.664 Thread 0x00007ffda2805000 Exception <a 'java/security/PrivilegedActionException'> (0x00000007ab8219b8) thrown at [/HUDSON3/workspace/8-2-build-macosx-x86_64/jdk8u25/1514/hotspot/src/share/vm/prims/jvm.cpp, line 1312]
Event: 1.665 Thread 0x00007ffda2805000 Exception <a 'java/security/PrivilegedActionException'> (0x00000007ab8268b0) thrown at [/HUDSON3/workspace/8-2-build-macosx-x86_64/jdk8u25/1514/hotspot/src/share/vm/prims/jvm.cpp, line 1312]
Event: 1.667 Thread 0x00007ffda2805000 Exception <a 'java/security/PrivilegedActionException'> (0x00000007ab82bdd0) thrown at [/HUDSON3/workspace/8-2-build-macosx-x86_64/jdk8u25/1514/hotspot/src/share/vm/prims/jvm.cpp, line 1312]
Event: 1.667 Thread 0x00007ffda2805000 Exception <a 'java/security/PrivilegedActionException'> (0x00000007ab830ec8) thrown at [/HUDSON3/workspace/8-2-build-macosx-x86_64/jdk8u25/1514/hotspot/src/share/vm/prims/jvm.cpp, line 1312]
Event: 27.772 Thread 0x00007ffda2805000 Exception <a 'java/security/PrivilegedActionException'> (0x00000007ab9892c0) thrown at [/HUDSON3/workspace/8-2-build-macosx-x86_64/jdk8u25/1514/hotspot/src/share/vm/prims/jvm.cpp, line 1312]

Events (10 events):
Event: 14.377 Executing VM operation: RevokeBias
Event: 14.377 Executing VM operation: RevokeBias done
Event: 14.377 Thread 0x00007ffda3266800 Thread exited: 0x00007ffda3266800
Event: 15.702 Thread 0x00007ffda3266800 Thread added: 0x00007ffda3266800
Event: 17.408 Executing VM operation: RevokeBias
Event: 17.408 Executing VM operation: RevokeBias done
Event: 17.408 Thread 0x00007ffda3266800 Thread exited: 0x00007ffda3266800
Event: 18.557 Thread 0x00007ffda2821800 Thread added: 0x00007ffda2821800
Event: 27.772 loading class org/lwjgl/opengl/CallbackUtil
Event: 27.772 loading class org/lwjgl/opengl/CallbackUtil done


Dynamic libraries:
0x0000000002711000 	/System/Library/Frameworks/Cocoa.framework/Versions/A/Cocoa
0x0000000002711000 	/System/Library/Frameworks/Security.framework/Versions/A/Security
0x0000000002711000 	/System/Library/Frameworks/ApplicationServices.framework/Versions/A/ApplicationServices
0x0000000002711000 	/usr/lib/libz.1.dylib
0x0000000002711000 	/usr/lib/libSystem.B.dylib
0x0000000002711000 	/usr/lib/libobjc.A.dylib
0x0000000002711000 	/System/Library/Frameworks/CoreFoundation.framework/Versions/A/CoreFoundation
0x0000000002711000 	/System/Library/Frameworks/Foundation.framework/Versions/C/Foundation
0x0000000002711000 	/System/Library/Frameworks/AppKit.framework/Versions/C/AppKit
0x0000000002711000 	/System/Library/Frameworks/CoreData.framework/Versions/A/CoreData
0x0000000002711000 	/System/Library/PrivateFrameworks/RemoteViewServices.framework/Versions/A/RemoteViewServices
0x0000000002711000 	/System/Library/PrivateFrameworks/UIFoundation.framework/Versions/A/UIFoundation
0x0000000002711000 	/System/Library/Frameworks/IOSurface.framework/Versions/A/IOSurface
0x0000000002711000 	/System/Library/Frameworks/AudioToolbox.framework/Versions/A/AudioToolbox
0x0000000002711000 	/System/Library/Frameworks/AudioUnit.framework/Versions/A/AudioUnit
0x0000000002711000 	/System/Library/PrivateFrameworks/DataDetectorsCore.framework/Versions/A/DataDetectorsCore
0x0000000002711000 	/System/Library/PrivateFrameworks/DesktopServicesPriv.framework/Versions/A/DesktopServicesPriv
0x0000000002711000 	/System/Library/Frameworks/Carbon.framework/Versions/A/Frameworks/HIToolbox.framework/Versions/A/HIToolbox
0x0000000002711000 	/System/Library/Frameworks/QuartzCore.framework/Versions/A/QuartzCore
0x0000000002711000 	/System/Library/Frameworks/Carbon.framework/Versions/A/Frameworks/SpeechRecognition.framework/Versions/A/SpeechRecognition
0x0000000002711000 	/usr/lib/libauto.dylib
0x0000000002711000 	/usr/lib/libicucore.A.dylib
0x0000000002711000 	/usr/lib/libxml2.2.dylib
0x0000000002711000 	/System/Library/PrivateFrameworks/CoreUI.framework/Versions/A/CoreUI
0x0000000002711000 	/System/Library/Frameworks/CoreAudio.framework/Versions/A/CoreAudio
0x0000000002711000 	/System/Library/Frameworks/DiskArbitration.framework/Versions/A/DiskArbitration
0x0000000002711000 	/usr/lib/liblangid.dylib
0x0000000002711000 	/System/Library/PrivateFrameworks/MultitouchSupport.framework/Versions/A/MultitouchSupport
0x0000000002711000 	/System/Library/Frameworks/IOKit.framework/Versions/A/IOKit
0x0000000002711000 	/usr/lib/libDiagnosticMessagesClient.dylib
0x0000000002711000 	/System/Library/Frameworks/CoreServices.framework/Versions/A/CoreServices
0x0000000002711000 	/System/Library/PrivateFrameworks/PerformanceAnalysis.framework/Versions/A/PerformanceAnalysis
0x0000000002711000 	/System/Library/PrivateFrameworks/GenerationalStorage.framework/Versions/A/GenerationalStorage
0x0000000002711000 	/System/Library/Frameworks/OpenGL.framework/Versions/A/OpenGL
0x0000000002711000 	/System/Library/PrivateFrameworks/Sharing.framework/Versions/A/Sharing
0x0000000002711000 	/System/Library/Frameworks/CoreGraphics.framework/Versions/A/CoreGraphics
0x0000000002711000 	/System/Library/Frameworks/CoreText.framework/Versions/A/CoreText
0x0000000002711000 	/System/Library/Frameworks/ImageIO.framework/Versions/A/ImageIO
0x0000000002711000 	/usr/lib/libextension.dylib
0x0000000002711000 	/System/Library/PrivateFrameworks/Backup.framework/Versions/A/Backup
0x0000000002711000 	/usr/lib/libarchive.2.dylib
0x0000000002711000 	/System/Library/Frameworks/CFNetwork.framework/Versions/A/CFNetwork
0x0000000002711000 	/System/Library/Frameworks/SystemConfiguration.framework/Versions/A/SystemConfiguration
0x0000000002711000 	/usr/lib/libCRFSuite.dylib
0x0000000002711000 	/usr/lib/libc++.1.dylib
0x0000000002711000 	/usr/lib/libc++abi.dylib
0x0000000002711000 	/usr/lib/system/libcache.dylib
0x0000000002711000 	/usr/lib/system/libcommonCrypto.dylib
0x0000000002711000 	/usr/lib/system/libcompiler_rt.dylib
0x0000000002711000 	/usr/lib/system/libcopyfile.dylib
0x0000000002711000 	/usr/lib/system/libcorecrypto.dylib
0x0000000002711000 	/usr/lib/system/libdispatch.dylib
0x0000000002711000 	/usr/lib/system/libdyld.dylib
0x0000000002711000 	/usr/lib/system/libkeymgr.dylib
0x0000000002711000 	/usr/lib/system/liblaunch.dylib
0x0000000002711000 	/usr/lib/system/libmacho.dylib
0x0000000002711000 	/usr/lib/system/libquarantine.dylib
0x0000000002711000 	/usr/lib/system/libremovefile.dylib
0x0000000002711000 	/usr/lib/system/libsystem_asl.dylib
0x0000000002711000 	/usr/lib/system/libsystem_blocks.dylib
0x0000000002711000 	/usr/lib/system/libsystem_c.dylib
0x0000000002711000 	/usr/lib/system/libsystem_configuration.dylib
0x0000000002711000 	/usr/lib/system/libsystem_coreservices.dylib
0x0000000002711000 	/usr/lib/system/libsystem_coretls.dylib
0x0000000002711000 	/usr/lib/system/libsystem_dnssd.dylib
0x0000000002711000 	/usr/lib/system/libsystem_info.dylib
0x0000000002711000 	/usr/lib/system/libsystem_kernel.dylib
0x0000000002711000 	/usr/lib/system/libsystem_m.dylib
0x0000000002711000 	/usr/lib/system/libsystem_malloc.dylib
0x0000000002711000 	/usr/lib/system/libsystem_network.dylib
0x0000000002711000 	/usr/lib/system/libsystem_networkextension.dylib
0x0000000002711000 	/usr/lib/system/libsystem_notify.dylib
0x0000000002711000 	/usr/lib/system/libsystem_platform.dylib
0x0000000002711000 	/usr/lib/system/libsystem_pthread.dylib
0x0000000002711000 	/usr/lib/system/libsystem_sandbox.dylib
0x0000000002711000 	/usr/lib/system/libsystem_secinit.dylib
0x0000000002711000 	/usr/lib/system/libsystem_stats.dylib
0x0000000002711000 	/usr/lib/system/libsystem_trace.dylib
0x0000000002711000 	/usr/lib/system/libunc.dylib
0x0000000002711000 	/usr/lib/system/libunwind.dylib
0x0000000002711000 	/usr/lib/system/libxpc.dylib
0x0000000002711000 	/usr/lib/libbz2.1.0.dylib
0x0000000002711000 	/usr/lib/liblzma.5.dylib
0x0000000002711000 	/usr/lib/libbsm.0.dylib
0x0000000002711000 	/usr/lib/libsqlite3.dylib
0x0000000002711000 	/usr/lib/system/libkxld.dylib
0x0000000002711000 	/usr/lib/libxar.1.dylib
0x0000000002711000 	/usr/lib/libpam.2.dylib
0x0000000002711000 	/usr/lib/libOpenScriptingUtil.dylib
0x0000000002711000 	/System/Library/Frameworks/CoreServices.framework/Versions/A/Frameworks/FSEvents.framework/Versions/A/FSEvents
0x0000000002711000 	/System/Library/Frameworks/CoreServices.framework/Versions/A/Frameworks/CarbonCore.framework/Versions/A/CarbonCore
0x0000000002711000 	/System/Library/Frameworks/CoreServices.framework/Versions/A/Frameworks/Metadata.framework/Versions/A/Metadata
0x0000000002711000 	/System/Library/Frameworks/CoreServices.framework/Versions/A/Frameworks/OSServices.framework/Versions/A/OSServices
0x0000000002711000 	/System/Library/Frameworks/CoreServices.framework/Versions/A/Frameworks/SearchKit.framework/Versions/A/SearchKit
0x0000000002711000 	/System/Library/Frameworks/CoreServices.framework/Versions/A/Frameworks/AE.framework/Versions/A/AE
0x0000000002711000 	/System/Library/Frameworks/CoreServices.framework/Versions/A/Frameworks/LaunchServices.framework/Versions/A/LaunchServices
0x0000000002711000 	/System/Library/Frameworks/CoreServices.framework/Versions/A/Frameworks/DictionaryServices.framework/Versions/A/DictionaryServices
0x0000000002711000 	/System/Library/Frameworks/NetFS.framework/Versions/A/NetFS
0x0000000002711000 	/System/Library/PrivateFrameworks/NetAuth.framework/Versions/A/NetAuth
0x0000000002711000 	/System/Library/PrivateFrameworks/login.framework/Versions/A/Frameworks/loginsupport.framework/Versions/A/loginsupport
0x0000000002711000 	/System/Library/PrivateFrameworks/TCC.framework/Versions/A/TCC
0x0000000002711000 	/usr/lib/libmecabra.dylib
0x0000000002711000 	/System/Library/PrivateFrameworks/LanguageModeling.framework/Versions/A/LanguageModeling
0x0000000002711000 	/usr/lib/libcmph.dylib
0x0000000002711000 	/usr/lib/libiconv.2.dylib
0x0000000002711000 	/System/Library/Frameworks/OpenDirectory.framework/Versions/A/Frameworks/CFOpenDirectory.framework/Versions/A/CFOpenDirectory
0x0000000002711000 	/System/Library/Frameworks/ServiceManagement.framework/Versions/A/ServiceManagement
0x0000000002711000 	/usr/lib/libxslt.1.dylib
0x0000000002711000 	/System/Library/Frameworks/Carbon.framework/Versions/A/Frameworks/Ink.framework/Versions/A/Ink
0x0000000002711000 	/System/Library/Frameworks/ApplicationServices.framework/Versions/A/Frameworks/ATS.framework/Versions/A/ATS
0x0000000002711000 	/System/Library/Frameworks/ApplicationServices.framework/Versions/A/Frameworks/ColorSync.framework/Versions/A/ColorSync
0x0000000002711000 	/System/Library/Frameworks/ApplicationServices.framework/Versions/A/Frameworks/HIServices.framework/Versions/A/HIServices
0x0000000002711000 	/System/Library/Frameworks/ApplicationServices.framework/Versions/A/Frameworks/LangAnalysis.framework/Versions/A/LangAnalysis
0x0000000002711000 	/System/Library/Frameworks/ApplicationServices.framework/Versions/A/Frameworks/PrintCore.framework/Versions/A/PrintCore
0x0000000002711000 	/System/Library/Frameworks/ApplicationServices.framework/Versions/A/Frameworks/QD.framework/Versions/A/QD
0x0000000002711000 	/System/Library/Frameworks/ApplicationServices.framework/Versions/A/Frameworks/SpeechSynthesis.framework/Versions/A/SpeechSynthesis
0x0000000002711000 	/System/Library/Frameworks/Accelerate.framework/Versions/A/Accelerate
0x0000000002711000 	/System/Library/Frameworks/Accelerate.framework/Versions/A/Frameworks/vImage.framework/Versions/A/vImage
0x0000000002711000 	/System/Library/Frameworks/Accelerate.framework/Versions/A/Frameworks/vecLib.framework/Versions/A/vecLib
0x0000000002711000 	/System/Library/Frameworks/Accelerate.framework/Versions/A/Frameworks/vecLib.framework/Versions/A/libvDSP.dylib
0x0000000002711000 	/System/Library/Frameworks/Accelerate.framework/Versions/A/Frameworks/vecLib.framework/Versions/A/libvMisc.dylib
0x0000000002711000 	/System/Library/Frameworks/Accelerate.framework/Versions/A/Frameworks/vecLib.framework/Versions/A/libLAPACK.dylib
0x0000000002711000 	/System/Library/Frameworks/Accelerate.framework/Versions/A/Frameworks/vecLib.framework/Versions/A/libBLAS.dylib
0x0000000002711000 	/System/Library/Frameworks/Accelerate.framework/Versions/A/Frameworks/vecLib.framework/Versions/A/libLinearAlgebra.dylib
0x0000000002711000 	/System/Library/Frameworks/ApplicationServices.framework/Versions/A/Frameworks/ATS.framework/Versions/A/Resources/libFontParser.dylib
0x0000000002711000 	/System/Library/Frameworks/ApplicationServices.framework/Versions/A/Frameworks/ATS.framework/Versions/A/Resources/libFontRegistry.dylib
0x0000000002711000 	/System/Library/PrivateFrameworks/AppleVPA.framework/Versions/A/AppleVPA
0x0000000002711000 	/System/Library/PrivateFrameworks/AppleJPEG.framework/Versions/A/AppleJPEG
0x0000000002711000 	/System/Library/Frameworks/ImageIO.framework/Versions/A/Resources/libJPEG.dylib
0x0000000002711000 	/System/Library/Frameworks/ImageIO.framework/Versions/A/Resources/libTIFF.dylib
0x0000000002711000 	/System/Library/Frameworks/ImageIO.framework/Versions/A/Resources/libPng.dylib
0x0000000002711000 	/System/Library/Frameworks/ImageIO.framework/Versions/A/Resources/libGIF.dylib
0x0000000002711000 	/System/Library/Frameworks/ImageIO.framework/Versions/A/Resources/libJP2.dylib
0x0000000002711000 	/System/Library/Frameworks/ImageIO.framework/Versions/A/Resources/libRadiance.dylib
0x0000000002711000 	/System/Library/Frameworks/CoreVideo.framework/Versions/A/CoreVideo
0x0000000002711000 	/System/Library/Frameworks/OpenGL.framework/Versions/A/Libraries/libGLU.dylib
0x0000000002711000 	/System/Library/Frameworks/OpenGL.framework/Versions/A/Libraries/libGFXShared.dylib
0x0000000002711000 	/System/Library/Frameworks/OpenGL.framework/Versions/A/Libraries/libGL.dylib
0x0000000002711000 	/System/Library/Frameworks/OpenGL.framework/Versions/A/Libraries/libGLImage.dylib
0x0000000002711000 	/System/Library/Frameworks/OpenGL.framework/Versions/A/Libraries/libCVMSPluginSupport.dylib
0x0000000002711000 	/System/Library/Frameworks/OpenGL.framework/Versions/A/Libraries/libCoreVMClient.dylib
0x0000000002711000 	/usr/lib/libcups.2.dylib
0x0000000002711000 	/System/Library/Frameworks/Kerberos.framework/Versions/A/Kerberos
0x0000000002711000 	/System/Library/Frameworks/GSS.framework/Versions/A/GSS
0x0000000002711000 	/usr/lib/libresolv.9.dylib
0x0000000002711000 	/System/Library/PrivateFrameworks/Heimdal.framework/Versions/A/Heimdal
0x0000000002711000 	/usr/lib/libheimdal-asn1.dylib
0x0000000002711000 	/System/Library/Frameworks/OpenDirectory.framework/Versions/A/OpenDirectory
0x0000000002711000 	/System/Library/PrivateFrameworks/CommonAuth.framework/Versions/A/CommonAuth
0x0000000002711000 	/System/Library/Frameworks/SecurityFoundation.framework/Versions/A/SecurityFoundation
0x0000000002711000 	/System/Library/Frameworks/QuartzCore.framework/Versions/A/Frameworks/CoreImage.framework/Versions/A/CoreImage
0x0000000002711000 	/System/Library/PrivateFrameworks/CrashReporterSupport.framework/Versions/A/CrashReporterSupport
0x0000000002711000 	/System/Library/Frameworks/OpenCL.framework/Versions/A/OpenCL
0x0000000002711000 	/System/Library/PrivateFrameworks/FaceCore.framework/Versions/A/FaceCore
0x0000000002711000 	/System/Library/PrivateFrameworks/Ubiquity.framework/Versions/A/Ubiquity
0x0000000002711000 	/System/Library/PrivateFrameworks/IconServices.framework/Versions/A/IconServices
0x0000000002711000 	/System/Library/PrivateFrameworks/ChunkingLibrary.framework/Versions/A/ChunkingLibrary
0x0000000002711000 	/System/Library/PrivateFrameworks/Apple80211.framework/Versions/A/Apple80211
0x0000000002711000 	/System/Library/Frameworks/CoreWLAN.framework/Versions/A/CoreWLAN
0x0000000002711000 	/System/Library/Frameworks/IOBluetooth.framework/Versions/A/IOBluetooth
0x0000000002711000 	/System/Library/PrivateFrameworks/CoreWiFi.framework/Versions/A/CoreWiFi
0x0000000002711000 	/System/Library/Frameworks/CoreBluetooth.framework/Versions/A/CoreBluetooth
0x0000000002711000 	/System/Library/PrivateFrameworks/DebugSymbols.framework/Versions/A/DebugSymbols
0x0000000002711000 	/System/Library/PrivateFrameworks/CoreSymbolication.framework/Versions/A/CoreSymbolication
0x0000000002711000 	/System/Library/PrivateFrameworks/Symbolication.framework/Versions/A/Symbolication
0x0000000002711000 	/System/Library/PrivateFrameworks/SpeechRecognitionCore.framework/Versions/A/SpeechRecognitionCore
0x0000000106ab3000 	/Library/Java/JavaVirtualMachines/jdk1.8.0_25.jdk/Contents/Home/jre/lib/server/libjvm.dylib
0x0000000002711000 	/usr/lib/libstdc++.6.dylib
0x0000000107ad2000 	/Library/Java/JavaVirtualMachines/jdk1.8.0_25.jdk/Contents/Home/jre/lib/libverify.dylib
0x0000000107ae0000 	/Library/Java/JavaVirtualMachines/jdk1.8.0_25.jdk/Contents/Home/jre/lib/libjava.dylib
0x0000000107b35000 	/Library/Java/JavaVirtualMachines/jdk1.8.0_25.jdk/Contents/Home/jre/lib/libzip.dylib
0x000000011be54000 	/System/Library/Frameworks/JavaVM.framework/Frameworks/JavaRuntimeSupport.framework/JavaRuntimeSupport
0x000000011be6c000 	/System/Library/Frameworks/JavaVM.framework/Versions/A/Frameworks/JavaNativeFoundation.framework/Versions/A/JavaNativeFoundation
0x000000011be81000 	/System/Library/Frameworks/JavaVM.framework/Versions/A/JavaVM
0x0000000002711000 	/System/Library/Frameworks/Carbon.framework/Versions/A/Carbon
0x000000011be8e000 	/System/Library/PrivateFrameworks/JavaLaunching.framework/Versions/A/JavaLaunching
0x0000000002711000 	/System/Library/Frameworks/Carbon.framework/Versions/A/Frameworks/CommonPanels.framework/Versions/A/CommonPanels
0x0000000002711000 	/System/Library/Frameworks/Carbon.framework/Versions/A/Frameworks/Help.framework/Versions/A/Help
0x0000000002711000 	/System/Library/Frameworks/Carbon.framework/Versions/A/Frameworks/ImageCapture.framework/Versions/A/ImageCapture
0x0000000002711000 	/System/Library/Frameworks/Carbon.framework/Versions/A/Frameworks/OpenScripting.framework/Versions/A/OpenScripting
0x0000000002711000 	/System/Library/Frameworks/Carbon.framework/Versions/A/Frameworks/Print.framework/Versions/A/Print
0x0000000002711000 	/System/Library/Frameworks/Carbon.framework/Versions/A/Frameworks/SecurityHI.framework/Versions/A/SecurityHI
0x000000011dc89000 	/Library/Java/JavaVirtualMachines/jdk1.8.0_25.jdk/Contents/Home/jre/lib/libawt.dylib
0x000000011dd38000 	/Library/Java/JavaVirtualMachines/jdk1.8.0_25.jdk/Contents/Home/jre/lib/./libmlib_image.dylib
0x000000011de04000 	/Library/Java/JavaVirtualMachines/jdk1.8.0_25.jdk/Contents/Home/jre/lib/libawt_lwawt.dylib
0x000000011deb7000 	/Library/Java/JavaVirtualMachines/jdk1.8.0_25.jdk/Contents/Home/jre/lib/./libosxapp.dylib
0x0000000002711000 	/System/Library/Frameworks/ExceptionHandling.framework/Versions/A/ExceptionHandling
0x0000000002711000 	/System/Library/PrivateFrameworks/CoreServicesInternal.framework/Versions/A/CoreServicesInternal
0x0000000002711000 	/System/Library/PrivateFrameworks/CloudDocs.framework/Versions/A/CloudDocs
0x0000000002711000 	/System/Library/PrivateFrameworks/CoreDuet.framework/Versions/A/CoreDuet
0x0000000002711000 	/System/Library/Frameworks/CloudKit.framework/Versions/A/CloudKit
0x0000000002711000 	/System/Library/PrivateFrameworks/ProtocolBuffer.framework/Versions/A/ProtocolBuffer
0x0000000002711000 	/System/Library/PrivateFrameworks/CoreDuetDaemonProtocol.framework/Versions/A/CoreDuetDaemonProtocol
0x0000000002711000 	/System/Library/PrivateFrameworks/CoreDuetDebugLogging.framework/Versions/A/CoreDuetDebugLogging
0x0000000002711000 	/System/Library/Frameworks/CoreLocation.framework/Versions/A/CoreLocation
0x0000000002711000 	/System/Library/Frameworks/Accounts.framework/Versions/A/Accounts
0x0000000002711000 	/System/Library/PrivateFrameworks/ApplePushService.framework/Versions/A/ApplePushService
0x0000000002711000 	/System/Library/PrivateFrameworks/GeoServices.framework/Versions/A/GeoServices
0x0000000002711000 	/System/Library/PrivateFrameworks/OAuth.framework/Versions/A/OAuth
0x0000000002711000 	/System/Library/PrivateFrameworks/CoreDaemon.framework/Versions/B/CoreDaemon
0x0000000002711000 	/usr/lib/libcrypto.0.9.8.dylib
0x0000000002711000 	/System/Library/PrivateFrameworks/AppleSRP.framework/Versions/A/AppleSRP
0x0000000002711000 	/System/Library/PrivateFrameworks/TrustEvaluationAgent.framework/Versions/A/TrustEvaluationAgent
0x0000000002711000 	/System/Library/Frameworks/CoreGraphics.framework/Versions/A/Resources/libCGCMS.A.dylib
0x0000000002711000 	/System/Library/Frameworks/CoreGraphics.framework/Versions/A/Resources/libRIP.A.dylib
0x0000000002711000 	/System/Library/Frameworks/CoreGraphics.framework/Versions/A/Resources/libCGXType.A.dylib
0x0000000002711000 	/System/Library/Frameworks/OpenCL.framework/Versions/A/Libraries/libcldcpuengine.dylib
0x0000000002711000 	/System/Library/PrivateFrameworks/DiskImages.framework/Versions/A/DiskImages
0x0000000002711000 	/System/Library/Frameworks/DiscRecording.framework/Versions/A/DiscRecording
0x0000000002711000 	/usr/lib/libcsfde.dylib
0x0000000002711000 	/usr/lib/libcurl.4.dylib
0x0000000002711000 	/System/Library/PrivateFrameworks/MediaKit.framework/Versions/A/MediaKit
0x0000000002711000 	/System/Library/PrivateFrameworks/ProtectedCloudStorage.framework/Versions/A/ProtectedCloudStorage
0x0000000002711000 	/usr/lib/libCoreStorage.dylib
0x0000000002711000 	/System/Library/PrivateFrameworks/EFILogin.framework/Versions/A/EFILogin
0x0000000002711000 	/usr/lib/libutil.dylib
0x0000000002711000 	/System/Library/PrivateFrameworks/FindMyDevice.framework/Versions/A/FindMyDevice
0x0000000002711000 	/System/Library/Frameworks/LDAP.framework/Versions/A/LDAP
0x0000000002711000 	/usr/lib/libsasl2.2.dylib
0x0000000120a0a000 	cl_kernels
0x0000000120a0c000 	/System/Library/Frameworks/OpenCL.framework/Versions/A/Libraries/ImageFormats/unorm8_bgra.dylib
0x00000001209fb000 	cl_kernels
0x0000000002711000 	/System/Library/PrivateFrameworks/FamilyControls.framework/Versions/A/FamilyControls
0x0000000002711000 	/System/Library/PrivateFrameworks/CommerceKit.framework/Versions/A/Frameworks/CommerceCore.framework/Versions/A/CommerceCore
0x0000000002711000 	/System/Library/PrivateFrameworks/SystemAdministration.framework/Versions/A/SystemAdministration
0x0000000002711000 	/System/Library/PrivateFrameworks/AppContainer.framework/Versions/A/AppContainer
0x0000000002711000 	/System/Library/PrivateFrameworks/SecCodeWrapper.framework/Versions/A/SecCodeWrapper
0x0000000002711000 	/System/Library/Frameworks/DirectoryService.framework/Versions/A/DirectoryService
0x0000000002711000 	/System/Library/PrivateFrameworks/LoginUIKit.framework/Versions/A/Frameworks/LoginUICore.framework/Versions/A/LoginUICore
0x0000000002711000 	/usr/lib/libodfde.dylib
0x0000000121bd2000 	/Library/Java/JavaVirtualMachines/jdk1.8.0_25.jdk/Contents/Home/jre/lib/libfontmanager.dylib
0x0000000121c39000 	/Users/nlabadan18/Desktop/EclipseWorkspace/SwagGame/lib/liblwjgl.dylib
0x000000011ff3b000 	/Library/Java/JavaVirtualMachines/jdk1.8.0_25.jdk/Contents/Home/jre/lib/libjawt.dylib
0x0000000002711000 	/System/Library/Frameworks/OpenGL.framework/Versions/A/Resources/GLEngine.bundle/GLEngine
0x0000000002711000 	/System/Library/Frameworks/OpenGL.framework/Versions/A/Libraries/libGLProgrammability.dylib
0x0000000000000000 	/System/Library/Extensions/AppleIntelHD5000GraphicsGLDriver.bundle/Contents/MacOS/AppleIntelHD5000GraphicsGLDriver
0x0000000002711000 	/System/Library/PrivateFrameworks/IOAccelerator.framework/Versions/A/IOAccelerator
0x0000000002711000 	/System/Library/PrivateFrameworks/GPUSupport.framework/Versions/A/Libraries/libGPUSupportMercury.dylib
0x0000000002711000 	/System/Library/Frameworks/OpenGL.framework/Versions/A/Resources/GLRendererFloat.bundle/GLRendererFloat
0x00000001224c2000 	/Users/nlabadan18/Desktop/EclipseWorkspace/SwagGame/lib/libjinput-osx.dylib
0x00000001224c7000 	/System/Library/Extensions/IOHIDFamily.kext/Contents/PlugIns/IOHIDLib.plugin/Contents/MacOS/IOHIDLib

VM Arguments:
jvm_args: -Djava.library.path=/Users/nlabadan18/Desktop/EclipseWorkspace/SwagGame/lib -Dfile.encoding=UTF-8 
java_command: main.Swerve
java_class_path (initial): /Users/nlabadan18/Desktop/EclipseWorkspace/SwagGame/bin:/Users/nlabadan18/Desktop/EclipseWorkspace/SwagGame/lib/ibxm.jar:/Users/nlabadan18/Desktop/EclipseWorkspace/SwagGame/lib/jinput.jar:/Users/nlabadan18/Desktop/EclipseWorkspace/SwagGame/lib/jnlp.jar:/Users/nlabadan18/Desktop/EclipseWorkspace/SwagGame/lib/jogg-0.0.7.jar:/Users/nlabadan18/Desktop/EclipseWorkspace/SwagGame/lib/jorbis-0.0.15.jar:/Users/nlabadan18/Desktop/EclipseWorkspace/SwagGame/lib/lwjgl_util_applet.jar:/Users/nlabadan18/Desktop/EclipseWorkspace/SwagGame/lib/lwjgl_util.jar:/Users/nlabadan18/Desktop/EclipseWorkspace/SwagGame/lib/lwjgl.jar:/Users/nlabadan18/Desktop/EclipseWorkspace/SwagGame/lib/natives-linux.jar:/Users/nlabadan18/Desktop/EclipseWorkspace/SwagGame/lib/natives-mac.jar:/Users/nlabadan18/Desktop/EclipseWorkspace/SwagGame/lib/natives-windows.jar:/Users/nlabadan18/Desktop/EclipseWorkspace/SwagGame/lib/slick-examples.jar:/Users/nlabadan18/Desktop/EclipseWorkspace/SwagGame/lib/slick.jar:/Users/nlabadan18/Desktop/EclipseWorkspace/SwagGame/lib/tinylinepp.jar
Launcher Type: SUN_STANDARD

Environment Variables:
PATH=/usr/bin:/bin:/usr/sbin:/sbin
SHELL=/bin/bash

Signal Handlers:
SIGSEGV: [libjvm.dylib+0x579dc7], sa_mask[0]=11111111011111110111111111111111, sa_flags=SA_ONSTACK|SA_RESTART|SA_SIGINFO
SIGBUS: [libjvm.dylib+0x579dc7], sa_mask[0]=11111111011111110111111111111111, sa_flags=SA_RESTART|SA_SIGINFO
SIGFPE: [libjvm.dylib+0x45b030], sa_mask[0]=11111111011111110111111111111111, sa_flags=SA_RESTART|SA_SIGINFO
SIGPIPE: [libjvm.dylib+0x45b030], sa_mask[0]=11111111011111110111111111111111, sa_flags=SA_RESTART|SA_SIGINFO
SIGXFSZ: [libjvm.dylib+0x45b030], sa_mask[0]=11111111011111110111111111111111, sa_flags=SA_RESTART|SA_SIGINFO
SIGILL: [libjvm.dylib+0x45b030], sa_mask[0]=11111111011111110111111111111111, sa_flags=SA_RESTART|SA_SIGINFO
SIGUSR1: SIG_DFL, sa_mask[0]=00000000000000000000000000000000, sa_flags=none
SIGUSR2: [libjvm.dylib+0x45ab4e], sa_mask[0]=00100000000000000000000000000000, sa_flags=SA_RESTART|SA_SIGINFO
SIGHUP: [libjvm.dylib+0x459121], sa_mask[0]=11111111011111110111111111111111, sa_flags=SA_RESTART|SA_SIGINFO
SIGINT: [libjvm.dylib+0x459121], sa_mask[0]=11111111011111110111111111111111, sa_flags=SA_RESTART|SA_SIGINFO
SIGTERM: [libjvm.dylib+0x459121], sa_mask[0]=11111111011111110111111111111111, sa_flags=SA_RESTART|SA_SIGINFO
SIGQUIT: [libjvm.dylib+0x459121], sa_mask[0]=11111111011111110111111111111111, sa_flags=SA_RESTART|SA_SIGINFO


---------------  S Y S T E M  ---------------

OS:Bsduname:Darwin 14.0.0 Darwin Kernel Version 14.0.0: Fri Sep 19 00:26:44 PDT 2014; root:xnu-2782.1.97~2/RELEASE_X86_64 x86_64
rlimit: STACK 8192k, CORE 0k, NPROC 709, NOFILE 10240, AS infinity
load average:1.33 1.41 1.47

CPU:total 4 (2 cores per cpu, 2 threads per core) family 6 model 69 stepping 1, cmov, cx8, fxsr, mmx, sse, sse2, sse3, ssse3, sse4.1, sse4.2, popcnt, avx, avx2, aes, clmul, erms, lzcnt, ht, tsc, tscinvbit, bmi1, bmi2

Memory: 4k page, physical 4194304k(22452k free)

/proc/meminfo:


vm_info: Java HotSpot(TM) 64-Bit Server VM (25.25-b02) for bsd-amd64 JRE (1.8.0_25-b17), built on Sep 17 2014 16:56:50 by "java_re" with gcc 4.2.1 (Based on Apple Inc. build 5658) (LLVM build 2336.11.00)

time: Sun Jan 25 16:55:07 2015
elapsed time: 27 seconds (0d 0h 0m 27s)

